Determining if the pthread_create exist failed with the following output:
Change Dir: /home/shreyas/catkin_ws/src/gazebo_plugin_tutorial/CMakeFiles/CMakeTmp

Run Build Command:"/usr/bin/make" "cmTC_29b3c/fast"
/usr/bin/make -f CMakeFiles/cmTC_29b3c.dir/build.make CMakeFiles/cmTC_29b3c.dir/build
make[1]: Entering directory '/home/shreyas/catkin_ws/src/gazebo_plugin_tutorial/CMakeFiles/CMakeTmp'
Building C object CMakeFiles/cmTC_29b3c.dir/CheckSymbolExists.c.o
/usr/lib/ccache/cc    -o CMakeFiles/cmTC_29b3c.dir/CheckSymbolExists.c.o   -c /home/shreyas/catkin_ws/src/gazebo_plugin_tutorial/CMakeFiles/CMakeTmp/CheckSymbolExists.c
Linking C executable cmTC_29b3c
/usr/bin/cmake -E cmake_link_script CMakeFiles/cmTC_29b3c.dir/link.txt --verbose=1
/usr/lib/ccache/cc      -rdynamic CMakeFiles/cmTC_29b3c.dir/CheckSymbolExists.c.o  -o cmTC_29b3c 
CMakeFiles/cmTC_29b3c.dir/CheckSymbolExists.c.o: In function `main':
CheckSymbolExists.c:(.text+0x1b): undefined reference to `pthread_create'
collect2: error: ld returned 1 exit status
CMakeFiles/cmTC_29b3c.dir/build.make:97: recipe for target 'cmTC_29b3c' failed
make[1]: *** [cmTC_29b3c] Error 1
make[1]: Leaving directory '/home/shreyas/catkin_ws/src/gazebo_plugin_tutorial/CMakeFiles/CMakeTmp'
Makefile:126: recipe for target 'cmTC_29b3c/fast' failed
make: *** [cmTC_29b3c/fast] Error 2

File /home/shreyas/catkin_ws/src/gazebo_plugin_tutorial/CMakeFiles/CMakeTmp/CheckSymbolExists.c:
/* */
#include <pthread.h>

int main(int argc, char** argv)
{
  (void)argv;
#ifndef pthread_create
  return ((int*)(&pthread_create))[argc];
#else
  (void)argc;
  return 0;
#endif
}

Determining if the function pthread_create exists in the pthreads failed with the following output:
Change Dir: /home/shreyas/catkin_ws/src/gazebo_plugin_tutorial/CMakeFiles/CMakeTmp

Run Build Command:"/usr/bin/make" "cmTC_e3ad7/fast"
/usr/bin/make -f CMakeFiles/cmTC_e3ad7.dir/build.make CMakeFiles/cmTC_e3ad7.dir/build
make[1]: Entering directory '/home/shreyas/catkin_ws/src/gazebo_plugin_tutorial/CMakeFiles/CMakeTmp'
Building C object CMakeFiles/cmTC_e3ad7.dir/CheckFunctionExists.c.o
/usr/lib/ccache/cc   -DCHECK_FUNCTION_EXISTS=pthread_create   -o CMakeFiles/cmTC_e3ad7.dir/CheckFunctionExists.c.o   -c /usr/share/cmake-3.10/Modules/CheckFunctionExists.c
Linking C executable cmTC_e3ad7
/usr/bin/cmake -E cmake_link_script CMakeFiles/cmTC_e3ad7.dir/link.txt --verbose=1
/usr/lib/ccache/cc  -DCHECK_FUNCTION_EXISTS=pthread_create    -rdynamic CMakeFiles/cmTC_e3ad7.dir/CheckFunctionExists.c.o  -o cmTC_e3ad7 -lpthreads 
/usr/bin/ld: cannot find -lpthreads
collect2: error: ld returned 1 exit status
CMakeFiles/cmTC_e3ad7.dir/build.make:97: recipe for target 'cmTC_e3ad7' failed
make[1]: *** [cmTC_e3ad7] Error 1
make[1]: Leaving directory '/home/shreyas/catkin_ws/src/gazebo_plugin_tutorial/CMakeFiles/CMakeTmp'
Makefile:126: recipe for target 'cmTC_e3ad7/fast' failed
make: *** [cmTC_e3ad7/fast] Error 2


